<?xml version="1.0" encoding="UTF-8"?>
<!-- Generated by org.testng.reporters.JUnitReportReporter -->
<testsuite hostname="DESKTOP-TDKKLRD" failures="0" tests="1" name="com.entel.tests.TC_ValidLoginTest" time="29.859" errors="0" timestamp="14 Nov 2019 08:07:15 GMT" skipped="0">
  <testcase classname="com.entel.tests.TC_ValidLoginTest" name="validCredentialsLogintest" time="29.859"/>
</testsuite> <!-- com.entel.tests.TC_ValidLoginTest -->
