<?xml version="1.0" encoding="UTF-8"?>
<!-- Generated by org.testng.reporters.JUnitReportReporter -->
<testsuite hostname="DESKTOP-TDKKLRD" failures="0" tests="1" name="com.entel.tests.TC_BeneficiousEntelPageValidation" time="54.077" errors="0" timestamp="16 Dec 2019 17:51:23 GMT" skipped="0">
  <testcase classname="com.entel.tests.TC_BeneficiousEntelPageValidation" name="userAccountNumbers" time="54.077"/>
</testsuite> <!-- com.entel.tests.TC_BeneficiousEntelPageValidation -->
