<?xml version="1.0" encoding="UTF-8"?>
<!-- Generated by org.testng.reporters.JUnitReportReporter -->
<testsuite hostname="DESKTOP-TDKKLRD" failures="0" tests="1" name="com.entel.tests.TC_ValidateUserPlan" time="57.561" errors="0" timestamp="26 Nov 2019 16:54:58 GMT" skipped="0">
  <testcase classname="com.entel.tests.TC_ValidateUserPlan" name="validCredentialsLogintest" time="57.561"/>
</testsuite> <!-- com.entel.tests.TC_ValidateUserPlan -->
