<?xml version="1.0" encoding="UTF-8"?>
<!-- Generated by org.testng.reporters.JUnitReportReporter -->
<testsuite hostname="DESKTOP-TDKKLRD" failures="0" tests="1" name="com.entel.tests.TC_MyPlanValidation" time="83.502" errors="0" timestamp="28 Nov 2019 18:17:54 GMT" skipped="0">
  <testcase classname="com.entel.tests.TC_MyPlanValidation" name="validCredentialsLogintest" time="83.502"/>
</testsuite> <!-- com.entel.tests.TC_MyPlanValidation -->
