<?xml version="1.0" encoding="UTF-8"?>
<!-- Generated by org.testng.reporters.JUnitReportReporter -->
<testsuite hostname="DESKTOP-TDKKLRD" failures="0" tests="1" name="com.entel.tests.TC_RecargarPageValidation" time="56.780" errors="0" timestamp="11 Dec 2019 18:29:16 GMT" skipped="0">
  <testcase classname="com.entel.tests.TC_RecargarPageValidation" name="userAccountNumbers" time="56.780"/>
</testsuite> <!-- com.entel.tests.TC_RecargarPageValidation -->
