<?xml version="1.0" encoding="UTF-8"?>
<!-- Generated by org.testng.reporters.JUnitReportReporter -->
<testsuite hostname="DESKTOP-TDKKLRD" failures="0" tests="1" name="com.entel.tests.TC_EquipoPageValidation" time="54.866" errors="0" timestamp="11 Dec 2019 18:29:16 GMT" skipped="0">
  <testcase classname="com.entel.tests.TC_EquipoPageValidation" name="userAccountNumbers" time="54.866"/>
</testsuite> <!-- com.entel.tests.TC_EquipoPageValidation -->
