<?xml version="1.0" encoding="UTF-8"?>
<!-- Generated by org.testng.reporters.JUnitReportReporter -->
<testsuite hostname="DESKTOP-TDKKLRD" failures="0" tests="1" name="com.entel.tests.TC_ConsumoPageValidation" time="53.219" errors="0" timestamp="22 Dec 2019 07:46:51 GMT" skipped="0">
  <testcase classname="com.entel.tests.TC_ConsumoPageValidation" name="consumoPageValidation" time="53.219"/>
</testsuite> <!-- com.entel.tests.TC_ConsumoPageValidation -->
