<?xml version="1.0" encoding="UTF-8"?>
<!-- Generated by org.testng.reporters.JUnitReportReporter -->
<testsuite hostname="DESKTOP-TDKKLRD" failures="0" tests="1" name="com.entel.tests.TC_UserSpecificLinksValidation" time="58.422" errors="0" timestamp="22 Dec 2019 07:38:28 GMT" skipped="0">
  <testcase classname="com.entel.tests.TC_UserSpecificLinksValidation" name="userSpecificLinks" time="58.422"/>
</testsuite> <!-- com.entel.tests.TC_UserSpecificLinksValidation -->
