<?xml version="1.0" encoding="UTF-8"?>
<!-- Generated by org.testng.reporters.JUnitReportReporter -->
<testsuite hostname="DESKTOP-TDKKLRD" failures="0" tests="1" name="com.entel.tests.TC_MyBallotValidation" time="59.176" errors="0" timestamp="02 Dec 2019 17:12:57 GMT" skipped="0">
  <testcase classname="com.entel.tests.TC_MyBallotValidation" name="userAccountNumbers" time="59.176"/>
</testsuite> <!-- com.entel.tests.TC_MyBallotValidation -->
