<?xml version="1.0" encoding="UTF-8"?>
<!-- Generated by org.testng.reporters.JUnitReportReporter -->
<testsuite hostname="DESKTOP-TDKKLRD" failures="0" tests="1" name="com.entel.tests.TC_BolsasPageValidation" time="71.254" errors="0" timestamp="18 Dec 2019 18:41:51 GMT" skipped="0">
  <testcase classname="com.entel.tests.TC_BolsasPageValidation" name="bolsasPageValidation" time="71.254"/>
</testsuite> <!-- com.entel.tests.TC_BolsasPageValidation -->
