<?xml version="1.0" encoding="UTF-8"?>
<!-- Generated by org.testng.reporters.JUnitReportReporter -->
<testsuite hostname="DESKTOP-TDKKLRD" failures="0" tests="1" name="com.entel.tests.TC_ConsumoPageValidation" time="105.797" errors="0" timestamp="03 Dec 2019 17:40:24 GMT" skipped="0">
  <testcase classname="com.entel.tests.TC_ConsumoPageValidation" name="userAccountNumbers" time="105.797"/>
</testsuite> <!-- com.entel.tests.TC_ConsumoPageValidation -->
