<?xml version="1.0" encoding="UTF-8"?>
<!-- Generated by org.testng.reporters.JUnitReportReporter -->
<testsuite hostname="DESKTOP-TDKKLRD" failures="0" tests="1" name="com.entel.tests.TC_ValidLoginTest" time="34.708" errors="0" timestamp="29 Dec 2019 15:39:10 GMT" skipped="0">
  <testcase classname="com.entel.tests.TC_ValidLoginTest" name="validCredentialsLogintest" time="34.708"/>
</testsuite> <!-- com.entel.tests.TC_ValidLoginTest -->
