<?xml version="1.0" encoding="UTF-8"?>
<!-- Generated by org.testng.reporters.JUnitReportReporter -->
<testsuite hostname="DESKTOP-TDKKLRD" failures="0" tests="1" name="com.entel.tests.TC_ValidLoginTest" time="35.268" errors="0" timestamp="16 Dec 2019 18:26:22 GMT" skipped="0">
  <testcase classname="com.entel.tests.TC_ValidLoginTest" name="validCredentialsLogintest" time="35.268"/>
</testsuite> <!-- com.entel.tests.TC_ValidLoginTest -->
